<?xml version="1.0" encoding="UTF-8" ?>
<testsuite tests="26" failures="0" name="TestRunner" time="20.83" errors="0" skipped="0">
  <properties>
[...]
</properties>
  <testcase classname="Bank Account" name="User is able to pick actions for account" time="7.167"/>
  <testcase classname="Bank Account" name="User is able to pick actions for account" time="0.322"/>
  <testcase classname="Bank Account" name="User is able to pick actions for account" time="0.306"/>
  <testcase classname="Bank Account" name="User is able to pick actions for account" time="0.302"/>
  <testcase classname="Bank Account" name="User is able to create new account" time="0.608"/>
  <testcase classname="Bank Account" name="User is able to create new account" time="0.651"/>
  <testcase classname="Bank Account" name="User is able to create accounts with duplicate owner" time="1.436"/>
  <testcase classname="Bank Account" name="User is not able to create new account with invalid balance" time="0.494"/>
  <testcase classname="Bank Account" name="User is not able to create new account with invalid balance" time="0.566"/>
  <testcase classname="Bank Account" name="User is not able to create new account with invalid balance" time="0.531"/>
  <testcase classname="Bank Account" name="User is not able to create new account with invalid balance" time="0.55"/>
  <testcase classname="Bank Account" name="User is not able to create new account with invalid balance" time="0.533"/>
  <testcase classname="Bank Account" name="User is not able to create new account with invalid balance" time="0.532"/>
  <testcase classname="Bank Account" name="User is not able to create new account with invalid balance" time="0.505"/>
  <testcase classname="Bank Account" name="User is not able to create new account with invalid balance" time="0.561"/>
  <testcase classname="Bank Account" name="User is able to put money on account" time="0.734"/>
  <testcase classname="Bank Account" name="User is able to put money on account" time="0.732"/>
  <testcase classname="Bank Account" name="User is unable to put invalid amount of money on account" time="0.369"/>
  <testcase classname="Bank Account" name="User is unable to put invalid amount of money on account" time="0.398"/>
  <testcase classname="Bank Account" name="User is unable to put invalid amount of money on account" time="0.362"/>
  <testcase classname="Bank Account" name="User is unable to put invalid amount of money on account" time="0.361"/>
  <testcase classname="Bank Account" name="User is unable to put invalid amount of money on account" time="0.377"/>
  <testcase classname="Bank Account" name="User is unable to put invalid amount of money on account" time="0.381"/>
  <testcase classname="Bank Account" name="User is able to withdraw money from account" time="0.715"/>
  <testcase classname="Bank Account" name="User is able to withdraw money from account" time="0.665"/>
  <testcase classname="Bank Account" name="User is able to go into overdraft if they have right account type" time="0.672"/>
</testsuite>